2024-08-19 21:18:42,324 [Worker-6: Loading available Gradle versions] INFO  o.e.b.c.i.u.g.PublishedGradleVersions - Gradle version information cache is up-to-date. Trying to read.
2024-08-19 21:20:40,714 [Worker-0: Launching mavenrun-e06782b3-49f3-4055-a4c7-c62634fff8a0] INFO  o.eclipse.m2e.core.internal.Bundles - getClasspathEntries(Bundle=org.eclipse.m2e.maven.runtime_3.9.400.20230826-0755 [295])
2024-08-19 21:20:40,717 [Worker-0: Launching mavenrun-e06782b3-49f3-4055-a4c7-c62634fff8a0] INFO  o.eclipse.m2e.core.internal.Bundles - 	Entry: C:\Users\Makarand\.p2\pool\plugins\org.eclipse.m2e.maven.runtime_3.9.400.20230826-0755
2024-08-19 21:20:40,717 [Worker-0: Launching mavenrun-e06782b3-49f3-4055-a4c7-c62634fff8a0] INFO  o.eclipse.m2e.core.internal.Bundles - 	Entry: C:\Users\Makarand\.p2\pool\plugins\org.eclipse.m2e.maven.runtime_3.9.400.20230826-0755\jars\aether-connector-okhttp-0.17.8.jar
2024-08-19 21:20:40,718 [Worker-0: Launching mavenrun-e06782b3-49f3-4055-a4c7-c62634fff8a0] INFO  o.eclipse.m2e.core.internal.Bundles - 	Entry: C:\Users\Makarand\.p2\pool\plugins\org.eclipse.m2e.maven.runtime_3.9.400.20230826-0755\jars\aopalliance-1.0.jar
2024-08-19 21:20:40,719 [Worker-0: Launching mavenrun-e06782b3-49f3-4055-a4c7-c62634fff8a0] INFO  o.eclipse.m2e.core.internal.Bundles - 	Entry: C:\Users\Makarand\.p2\pool\plugins\org.eclipse.m2e.maven.runtime_3.9.400.20230826-0755\jars\commons-lang3-3.12.0.jar
2024-08-19 21:20:40,719 [Worker-0: Launching mavenrun-e06782b3-49f3-4055-a4c7-c62634fff8a0] INFO  o.eclipse.m2e.core.internal.Bundles - 	Entry: C:\Users\Makarand\.p2\pool\plugins\org.eclipse.m2e.maven.runtime_3.9.400.20230826-0755\jars\guice-5.1.0.jar
2024-08-19 21:20:40,719 [Worker-0: Launching mavenrun-e06782b3-49f3-4055-a4c7-c62634fff8a0] INFO  o.eclipse.m2e.core.internal.Bundles - 	Entry: C:\Users\Makarand\.p2\pool\plugins\org.eclipse.m2e.maven.runtime_3.9.400.20230826-0755\jars\jansi-2.4.0.jar
2024-08-19 21:20:40,719 [Worker-0: Launching mavenrun-e06782b3-49f3-4055-a4c7-c62634fff8a0] INFO  o.eclipse.m2e.core.internal.Bundles - 	Entry: C:\Users\Makarand\.p2\pool\plugins\org.eclipse.m2e.maven.runtime_3.9.400.20230826-0755\jars\maven-artifact-3.9.4.jar
2024-08-19 21:20:40,719 [Worker-0: Launching mavenrun-e06782b3-49f3-4055-a4c7-c62634fff8a0] INFO  o.eclipse.m2e.core.internal.Bundles - 	Entry: C:\Users\Makarand\.p2\pool\plugins\org.eclipse.m2e.maven.runtime_3.9.400.20230826-0755\jars\maven-builder-support-3.9.4.jar
2024-08-19 21:20:40,720 [Worker-0: Launching mavenrun-e06782b3-49f3-4055-a4c7-c62634fff8a0] INFO  o.eclipse.m2e.core.internal.Bundles - 	Entry: C:\Users\Makarand\.p2\pool\plugins\org.eclipse.m2e.maven.runtime_3.9.400.20230826-0755\jars\maven-compat-3.9.4.jar
2024-08-19 21:20:40,720 [Worker-0: Launching mavenrun-e06782b3-49f3-4055-a4c7-c62634fff8a0] INFO  o.eclipse.m2e.core.internal.Bundles - 	Entry: C:\Users\Makarand\.p2\pool\plugins\org.eclipse.m2e.maven.runtime_3.9.400.20230826-0755\jars\maven-core-3.9.4.jar
2024-08-19 21:20:40,720 [Worker-0: Launching mavenrun-e06782b3-49f3-4055-a4c7-c62634fff8a0] INFO  o.eclipse.m2e.core.internal.Bundles - 	Entry: C:\Users\Makarand\.p2\pool\plugins\org.eclipse.m2e.maven.runtime_3.9.400.20230826-0755\jars\maven-embedder-3.9.4.jar
2024-08-19 21:20:40,720 [Worker-0: Launching mavenrun-e06782b3-49f3-4055-a4c7-c62634fff8a0] INFO  o.eclipse.m2e.core.internal.Bundles - 	Entry: C:\Users\Makarand\.p2\pool\plugins\org.eclipse.m2e.maven.runtime_3.9.400.20230826-0755\jars\maven-model-3.9.4.jar
2024-08-19 21:20:40,720 [Worker-0: Launching mavenrun-e06782b3-49f3-4055-a4c7-c62634fff8a0] INFO  o.eclipse.m2e.core.internal.Bundles - 	Entry: C:\Users\Makarand\.p2\pool\plugins\org.eclipse.m2e.maven.runtime_3.9.400.20230826-0755\jars\maven-model-builder-3.9.4.jar
2024-08-19 21:20:40,720 [Worker-0: Launching mavenrun-e06782b3-49f3-4055-a4c7-c62634fff8a0] INFO  o.eclipse.m2e.core.internal.Bundles - 	Entry: C:\Users\Makarand\.p2\pool\plugins\org.eclipse.m2e.maven.runtime_3.9.400.20230826-0755\jars\maven-plugin-api-3.9.4.jar
2024-08-19 21:20:40,720 [Worker-0: Launching mavenrun-e06782b3-49f3-4055-a4c7-c62634fff8a0] INFO  o.eclipse.m2e.core.internal.Bundles - 	Entry: C:\Users\Makarand\.p2\pool\plugins\org.eclipse.m2e.maven.runtime_3.9.400.20230826-0755\jars\maven-repository-metadata-3.9.4.jar
2024-08-19 21:20:40,721 [Worker-0: Launching mavenrun-e06782b3-49f3-4055-a4c7-c62634fff8a0] INFO  o.eclipse.m2e.core.internal.Bundles - 	Entry: C:\Users\Makarand\.p2\pool\plugins\org.eclipse.m2e.maven.runtime_3.9.400.20230826-0755\jars\maven-resolver-api-1.9.14.jar
2024-08-19 21:20:40,721 [Worker-0: Launching mavenrun-e06782b3-49f3-4055-a4c7-c62634fff8a0] INFO  o.eclipse.m2e.core.internal.Bundles - 	Entry: C:\Users\Makarand\.p2\pool\plugins\org.eclipse.m2e.maven.runtime_3.9.400.20230826-0755\jars\maven-resolver-connector-basic-1.9.14.jar
2024-08-19 21:20:40,721 [Worker-0: Launching mavenrun-e06782b3-49f3-4055-a4c7-c62634fff8a0] INFO  o.eclipse.m2e.core.internal.Bundles - 	Entry: C:\Users\Makarand\.p2\pool\plugins\org.eclipse.m2e.maven.runtime_3.9.400.20230826-0755\jars\maven-resolver-impl-1.9.14.jar
2024-08-19 21:20:40,721 [Worker-0: Launching mavenrun-e06782b3-49f3-4055-a4c7-c62634fff8a0] INFO  o.eclipse.m2e.core.internal.Bundles - 	Entry: C:\Users\Makarand\.p2\pool\plugins\org.eclipse.m2e.maven.runtime_3.9.400.20230826-0755\jars\maven-resolver-named-locks-1.9.14.jar
2024-08-19 21:20:40,721 [Worker-0: Launching mavenrun-e06782b3-49f3-4055-a4c7-c62634fff8a0] INFO  o.eclipse.m2e.core.internal.Bundles - 	Entry: C:\Users\Makarand\.p2\pool\plugins\org.eclipse.m2e.maven.runtime_3.9.400.20230826-0755\jars\maven-resolver-provider-3.9.4.jar
2024-08-19 21:20:40,721 [Worker-0: Launching mavenrun-e06782b3-49f3-4055-a4c7-c62634fff8a0] INFO  o.eclipse.m2e.core.internal.Bundles - 	Entry: C:\Users\Makarand\.p2\pool\plugins\org.eclipse.m2e.maven.runtime_3.9.400.20230826-0755\jars\maven-resolver-spi-1.9.14.jar
2024-08-19 21:20:40,722 [Worker-0: Launching mavenrun-e06782b3-49f3-4055-a4c7-c62634fff8a0] INFO  o.eclipse.m2e.core.internal.Bundles - 	Entry: C:\Users\Makarand\.p2\pool\plugins\org.eclipse.m2e.maven.runtime_3.9.400.20230826-0755\jars\maven-resolver-transport-wagon-1.9.14.jar
2024-08-19 21:20:40,722 [Worker-0: Launching mavenrun-e06782b3-49f3-4055-a4c7-c62634fff8a0] INFO  o.eclipse.m2e.core.internal.Bundles - 	Entry: C:\Users\Makarand\.p2\pool\plugins\org.eclipse.m2e.maven.runtime_3.9.400.20230826-0755\jars\maven-resolver-util-1.9.14.jar
2024-08-19 21:20:40,722 [Worker-0: Launching mavenrun-e06782b3-49f3-4055-a4c7-c62634fff8a0] INFO  o.eclipse.m2e.core.internal.Bundles - 	Entry: C:\Users\Makarand\.p2\pool\plugins\org.eclipse.m2e.maven.runtime_3.9.400.20230826-0755\jars\maven-settings-3.9.4.jar
2024-08-19 21:20:40,722 [Worker-0: Launching mavenrun-e06782b3-49f3-4055-a4c7-c62634fff8a0] INFO  o.eclipse.m2e.core.internal.Bundles - 	Entry: C:\Users\Makarand\.p2\pool\plugins\org.eclipse.m2e.maven.runtime_3.9.400.20230826-0755\jars\maven-settings-builder-3.9.4.jar
2024-08-19 21:20:40,722 [Worker-0: Launching mavenrun-e06782b3-49f3-4055-a4c7-c62634fff8a0] INFO  o.eclipse.m2e.core.internal.Bundles - 	Entry: C:\Users\Makarand\.p2\pool\plugins\org.eclipse.m2e.maven.runtime_3.9.400.20230826-0755\jars\maven-shared-utils-3.3.4.jar
2024-08-19 21:20:40,722 [Worker-0: Launching mavenrun-e06782b3-49f3-4055-a4c7-c62634fff8a0] INFO  o.eclipse.m2e.core.internal.Bundles - 	Entry: C:\Users\Makarand\.p2\pool\plugins\org.eclipse.m2e.maven.runtime_3.9.400.20230826-0755\jars\okhttp-3.14.1.jar
2024-08-19 21:20:40,722 [Worker-0: Launching mavenrun-e06782b3-49f3-4055-a4c7-c62634fff8a0] INFO  o.eclipse.m2e.core.internal.Bundles - 	Entry: C:\Users\Makarand\.p2\pool\plugins\org.eclipse.m2e.maven.runtime_3.9.400.20230826-0755\jars\okio-1.17.3.jar
2024-08-19 21:20:40,723 [Worker-0: Launching mavenrun-e06782b3-49f3-4055-a4c7-c62634fff8a0] INFO  o.eclipse.m2e.core.internal.Bundles - 	Entry: C:\Users\Makarand\.p2\pool\plugins\org.eclipse.m2e.maven.runtime_3.9.400.20230826-0755\jars\org.eclipse.sisu.inject-0.3.5.jar
2024-08-19 21:20:40,723 [Worker-0: Launching mavenrun-e06782b3-49f3-4055-a4c7-c62634fff8a0] INFO  o.eclipse.m2e.core.internal.Bundles - 	Entry: C:\Users\Makarand\.p2\pool\plugins\org.eclipse.m2e.maven.runtime_3.9.400.20230826-0755\jars\org.eclipse.sisu.plexus-0.3.5.jar
2024-08-19 21:20:40,723 [Worker-0: Launching mavenrun-e06782b3-49f3-4055-a4c7-c62634fff8a0] INFO  o.eclipse.m2e.core.internal.Bundles - 	Entry: C:\Users\Makarand\.p2\pool\plugins\org.eclipse.m2e.maven.runtime_3.9.400.20230826-0755\jars\plexus-build-api-0.0.7.jar
2024-08-19 21:20:40,723 [Worker-0: Launching mavenrun-e06782b3-49f3-4055-a4c7-c62634fff8a0] INFO  o.eclipse.m2e.core.internal.Bundles - 	Entry: C:\Users\Makarand\.p2\pool\plugins\org.eclipse.m2e.maven.runtime_3.9.400.20230826-0755\jars\plexus-cipher-2.0.jar
2024-08-19 21:20:40,723 [Worker-0: Launching mavenrun-e06782b3-49f3-4055-a4c7-c62634fff8a0] INFO  o.eclipse.m2e.core.internal.Bundles - 	Entry: C:\Users\Makarand\.p2\pool\plugins\org.eclipse.m2e.maven.runtime_3.9.400.20230826-0755\jars\plexus-classworlds-2.7.0.jar
2024-08-19 21:20:40,723 [Worker-0: Launching mavenrun-e06782b3-49f3-4055-a4c7-c62634fff8a0] INFO  o.eclipse.m2e.core.internal.Bundles - 	Entry: C:\Users\Makarand\.p2\pool\plugins\org.eclipse.m2e.maven.runtime_3.9.400.20230826-0755\jars\plexus-component-annotations-2.1.0.jar
2024-08-19 21:20:40,724 [Worker-0: Launching mavenrun-e06782b3-49f3-4055-a4c7-c62634fff8a0] INFO  o.eclipse.m2e.core.internal.Bundles - 	Entry: C:\Users\Makarand\.p2\pool\plugins\org.eclipse.m2e.maven.runtime_3.9.400.20230826-0755\jars\plexus-interpolation-1.26.jar
2024-08-19 21:20:40,724 [Worker-0: Launching mavenrun-e06782b3-49f3-4055-a4c7-c62634fff8a0] INFO  o.eclipse.m2e.core.internal.Bundles - 	Entry: C:\Users\Makarand\.p2\pool\plugins\org.eclipse.m2e.maven.runtime_3.9.400.20230826-0755\jars\plexus-sec-dispatcher-2.0.jar
2024-08-19 21:20:40,724 [Worker-0: Launching mavenrun-e06782b3-49f3-4055-a4c7-c62634fff8a0] INFO  o.eclipse.m2e.core.internal.Bundles - 	Entry: C:\Users\Makarand\.p2\pool\plugins\org.eclipse.m2e.maven.runtime_3.9.400.20230826-0755\jars\plexus-utils-3.5.1.jar
2024-08-19 21:20:40,724 [Worker-0: Launching mavenrun-e06782b3-49f3-4055-a4c7-c62634fff8a0] INFO  o.eclipse.m2e.core.internal.Bundles - 	Entry: C:\Users\Makarand\.p2\pool\plugins\org.eclipse.m2e.maven.runtime_3.9.400.20230826-0755\jars\wagon-file-3.5.3.jar
2024-08-19 21:20:40,724 [Worker-0: Launching mavenrun-e06782b3-49f3-4055-a4c7-c62634fff8a0] INFO  o.eclipse.m2e.core.internal.Bundles - 	Entry: C:\Users\Makarand\.p2\pool\plugins\org.eclipse.m2e.maven.runtime_3.9.400.20230826-0755\jars\wagon-provider-api-3.5.3.jar
2024-08-19 21:20:40,726 [Worker-0: Launching mavenrun-e06782b3-49f3-4055-a4c7-c62634fff8a0] INFO  o.eclipse.m2e.core.internal.Bundles - getClasspathEntries(Bundle=com.google.guava_32.1.3.jre [519])
2024-08-19 21:20:40,727 [Worker-0: Launching mavenrun-e06782b3-49f3-4055-a4c7-c62634fff8a0] INFO  o.eclipse.m2e.core.internal.Bundles - 	Entry: C:\Users\Makarand\.p2\pool\plugins\com.google.guava_32.1.3.jre.jar
2024-08-19 21:20:40,727 [Worker-0: Launching mavenrun-e06782b3-49f3-4055-a4c7-c62634fff8a0] INFO  o.eclipse.m2e.core.internal.Bundles - getClasspathEntries(Bundle=slf4j.api_2.0.9 [516])
2024-08-19 21:20:40,727 [Worker-0: Launching mavenrun-e06782b3-49f3-4055-a4c7-c62634fff8a0] INFO  o.eclipse.m2e.core.internal.Bundles - 	Entry: C:\Users\Makarand\.p2\pool\plugins\slf4j.api_2.0.9.jar
2024-08-19 21:20:40,727 [Worker-0: Launching mavenrun-e06782b3-49f3-4055-a4c7-c62634fff8a0] INFO  o.eclipse.m2e.core.internal.Bundles - getClasspathEntries(Bundle=javax.inject_1.0.0.v20220405-0441 [26])
2024-08-19 21:20:40,728 [Worker-0: Launching mavenrun-e06782b3-49f3-4055-a4c7-c62634fff8a0] INFO  o.eclipse.m2e.core.internal.Bundles - 	Entry: C:\Users\Makarand\.p2\pool\plugins\javax.inject_1.0.0.v20220405-0441.jar
2024-08-19 21:20:40,728 [Worker-0: Launching mavenrun-e06782b3-49f3-4055-a4c7-c62634fff8a0] INFO  o.eclipse.m2e.core.internal.Bundles - getClasspathEntries(Bundle=javax.annotation_1.3.5.v20200909-1856 [24])
2024-08-19 21:20:40,728 [Worker-0: Launching mavenrun-e06782b3-49f3-4055-a4c7-c62634fff8a0] INFO  o.eclipse.m2e.core.internal.Bundles - 	Entry: C:\Users\Makarand\.p2\pool\plugins\javax.annotation_1.3.5.v20200909-1856.jar
2024-08-19 21:20:40,728 [Worker-0: Launching mavenrun-e06782b3-49f3-4055-a4c7-c62634fff8a0] INFO  o.eclipse.m2e.core.internal.Bundles - getClasspathEntries(Bundle=org.apache.commons.cli_1.5.0 [49])
2024-08-19 21:20:40,729 [Worker-0: Launching mavenrun-e06782b3-49f3-4055-a4c7-c62634fff8a0] INFO  o.eclipse.m2e.core.internal.Bundles - 	Entry: C:\Users\Makarand\.p2\pool\plugins\org.apache.commons.cli_1.5.0.jar
2024-08-19 21:20:40,729 [Worker-0: Launching mavenrun-e06782b3-49f3-4055-a4c7-c62634fff8a0] INFO  o.eclipse.m2e.core.internal.Bundles - getClasspathEntries(Bundle=com.google.guava.failureaccess_1.0.2 [520])
2024-08-19 21:20:40,729 [Worker-0: Launching mavenrun-e06782b3-49f3-4055-a4c7-c62634fff8a0] INFO  o.eclipse.m2e.core.internal.Bundles - 	Entry: C:\Users\Makarand\.p2\pool\plugins\com.google.guava.failureaccess_1.0.2.jar
2024-08-19 21:20:40,738 [Worker-0: Launching mavenrun-e06782b3-49f3-4055-a4c7-c62634fff8a0] INFO  o.e.m.i.launch.MavenLaunchDelegate - Run build in "C:\Users\Makarand\AppData\Local\Temp\m2e-archetypeGenerator13095815469524805241":
2024-08-19 21:20:40,744 [Worker-0: Launching mavenrun-e06782b3-49f3-4055-a4c7-c62634fff8a0] INFO  o.e.m.i.launch.MavenLaunchDelegate -  mvn  -DarchetypeGroupId=org.apache.maven.archetypes -DarchetypeArtifactId=maven-archetype-webapp -DarchetypeVersion=1.4 -DgroupId=com.hsbc -DartifactId=11-SpringMvcStarter -Dversion=0.0.1-SNAPSHOT -Dpackage=com.hsbc -DoutputDirectory=D:\Training\HSBC\Batch3\Spring\Workspace -Dstyle.color=always -U archetype:generate
2024-08-19 21:20:55,720 [Worker-7: Creating maven-archetype-webapp] INFO  o.e.m.c.i.p.ProjectConfigurationManager - Collecting project info '/pom.xml' D:\Training\HSBC\Batch3\Spring\Workspace\11-SpringMvcStarter\pom.xml
2024-08-19 21:20:58,182 [Worker-7: Creating maven-archetype-webapp] INFO  o.e.m.c.i.l.LifecycleMappingFactory - Using org.eclipse.m2e.jdt.JarLifecycleMapping lifecycle mapping for MavenProject: com.hsbc:11-SpringMvcStarter:0.0.1-SNAPSHOT @ D:\Training\HSBC\Batch3\Spring\Workspace\11-SpringMvcStarter\pom.xml.
2024-08-19 21:20:58,725 [Worker-7: Creating maven-archetype-webapp] INFO  o.e.m.j.i.AbstractJavaProjectConfigurator - Adding source folder /11-SpringMvcStarter/src/main/java
2024-08-19 21:20:58,725 [Worker-7: Creating maven-archetype-webapp] INFO  o.e.m.j.i.AbstractJavaProjectConfigurator - Adding resource folder /11-SpringMvcStarter/src/main/resources
2024-08-19 21:20:58,727 [Worker-7: Creating maven-archetype-webapp] INFO  o.e.m.j.i.AbstractJavaProjectConfigurator - Adding source folder /11-SpringMvcStarter/src/test/java
2024-08-19 21:20:58,728 [Worker-7: Creating maven-archetype-webapp] INFO  o.e.m.j.i.AbstractJavaProjectConfigurator - Adding resource folder /11-SpringMvcStarter/src/test/resources
2024-08-19 21:20:58,728 [Worker-7: Creating maven-archetype-webapp] ERROR o.e.m.j.i.AbstractJavaProjectConfigurator - Failed to find a compatible VM for environment id 'JavaSE-1.7', falling back to workspace default
2024-08-19 21:20:59,216 [Worker-7: Creating maven-archetype-webapp] INFO  o.e.m.c.i.p.ProjectConfigurationManager - Imported and configured 1 project(s) in 3 sec
2024-08-19 21:21:00,051 [Worker-17: Building] INFO  o.e.m.c.i.embedder.EclipseLogger - Using 'UTF-8' encoding to copy filtered resources.
2024-08-19 21:21:00,051 [Worker-17: Building] INFO  o.e.m.c.i.embedder.EclipseLogger - skip non existing resourceDirectory D:\Training\HSBC\Batch3\Spring\Workspace\11-SpringMvcStarter\src\main\resources
2024-08-19 21:21:00,056 [Worker-17: Building] INFO  o.e.m.c.i.embedder.EclipseLogger - Using 'UTF-8' encoding to copy filtered resources.
2024-08-19 21:21:00,056 [Worker-17: Building] INFO  o.e.m.c.i.embedder.EclipseLogger - skip non existing resourceDirectory D:\Training\HSBC\Batch3\Spring\Workspace\11-SpringMvcStarter\src\test\resources
2024-08-19 21:21:49,175 [Worker-0: Building] INFO  o.e.m.c.i.embedder.EclipseLogger - Using 'UTF-8' encoding to copy filtered resources.
2024-08-19 21:21:49,183 [Worker-0: Building] INFO  o.e.m.c.i.embedder.EclipseLogger - Copying 0 resource
2024-08-19 21:21:49,186 [Worker-0: Building] INFO  o.e.m.c.i.embedder.EclipseLogger - Using 'UTF-8' encoding to copy filtered resources.
2024-08-19 21:21:49,186 [Worker-0: Building] INFO  o.e.m.c.i.embedder.EclipseLogger - skip non existing resourceDirectory D:\Training\HSBC\Batch3\Spring\Workspace\11-SpringMvcStarter\src\test\resources
2024-08-19 21:22:05,764 [Worker-7: Building] INFO  o.e.m.c.i.embedder.EclipseLogger - Using 'UTF-8' encoding to copy filtered resources.
2024-08-19 21:22:05,765 [Worker-7: Building] INFO  o.e.m.c.i.embedder.EclipseLogger - Copying 0 resource
2024-08-19 21:22:05,768 [Worker-7: Building] INFO  o.e.m.c.i.embedder.EclipseLogger - Using 'UTF-8' encoding to copy filtered resources.
2024-08-19 21:22:05,769 [Worker-7: Building] INFO  o.e.m.c.i.embedder.EclipseLogger - skip non existing resourceDirectory D:\Training\HSBC\Batch3\Spring\Workspace\11-SpringMvcStarter\src\test\resources
2024-08-19 21:22:46,016 [Worker-17: Building] INFO  o.e.m.c.i.l.LifecycleMappingFactory - Using org.eclipse.m2e.jdt.JarLifecycleMapping lifecycle mapping for MavenProject: com.hsbc:11-SpringMvcStarter:0.0.1-SNAPSHOT @ D:\Training\HSBC\Batch3\Spring\Workspace\11-SpringMvcStarter\pom.xml.
2024-08-19 21:22:46,522 [Worker-17: Building] INFO  o.e.m.c.i.embedder.EclipseLogger - Using 'UTF-8' encoding to copy filtered resources.
2024-08-19 21:22:46,528 [Worker-17: Building] INFO  o.e.m.c.i.embedder.EclipseLogger - Copying 0 resource
2024-08-19 21:22:46,536 [Worker-17: Building] INFO  o.e.m.c.i.embedder.EclipseLogger - Using 'UTF-8' encoding to copy filtered resources.
2024-08-19 21:22:46,536 [Worker-17: Building] INFO  o.e.m.c.i.embedder.EclipseLogger - skip non existing resourceDirectory D:\Training\HSBC\Batch3\Spring\Workspace\11-SpringMvcStarter\src\test\resources
2024-08-19 21:22:48,321 [Worker-8: Building] INFO  o.e.m.c.i.l.LifecycleMappingFactory - Using org.eclipse.m2e.jdt.JarLifecycleMapping lifecycle mapping for MavenProject: com.hsbc:11-SpringMvcStarter:0.0.1-SNAPSHOT @ D:\Training\HSBC\Batch3\Spring\Workspace\11-SpringMvcStarter\pom.xml.
2024-08-19 21:22:48,815 [Worker-8: Building] INFO  o.e.m.c.i.embedder.EclipseLogger - Using 'UTF-8' encoding to copy filtered resources.
2024-08-19 21:22:48,818 [Worker-8: Building] INFO  o.e.m.c.i.embedder.EclipseLogger - Copying 0 resource
2024-08-19 21:22:48,824 [Worker-8: Building] INFO  o.e.m.c.i.embedder.EclipseLogger - Using 'UTF-8' encoding to copy filtered resources.
2024-08-19 21:22:48,825 [Worker-8: Building] INFO  o.e.m.c.i.embedder.EclipseLogger - skip non existing resourceDirectory D:\Training\HSBC\Batch3\Spring\Workspace\11-SpringMvcStarter\src\test\resources
2024-08-19 21:22:59,357 [Worker-1: Building] INFO  o.e.m.c.i.embedder.EclipseLogger - Using 'UTF-8' encoding to copy filtered resources.
2024-08-19 21:22:59,357 [Worker-1: Building] INFO  o.e.m.c.i.embedder.EclipseLogger - Copying 1 resource
2024-08-19 21:22:59,419 [Worker-1: Building] INFO  o.e.m.c.i.embedder.EclipseLogger - Using 'UTF-8' encoding to copy filtered resources.
2024-08-19 21:22:59,419 [Worker-1: Building] INFO  o.e.m.c.i.embedder.EclipseLogger - skip non existing resourceDirectory D:\Training\HSBC\Batch3\Spring\Workspace\11-SpringMvcStarter\src\test\resources
2024-08-19 21:23:05,242 [Worker-14: Building] INFO  o.e.m.c.i.embedder.EclipseLogger - Using 'UTF-8' encoding to copy filtered resources.
2024-08-19 21:23:05,243 [Worker-14: Building] INFO  o.e.m.c.i.embedder.EclipseLogger - Copying 1 resource
2024-08-19 21:23:05,249 [Worker-14: Building] INFO  o.e.m.c.i.embedder.EclipseLogger - Using 'UTF-8' encoding to copy filtered resources.
2024-08-19 21:23:05,249 [Worker-14: Building] INFO  o.e.m.c.i.embedder.EclipseLogger - skip non existing resourceDirectory D:\Training\HSBC\Batch3\Spring\Workspace\11-SpringMvcStarter\src\test\resources
2024-08-19 21:23:12,307 [Worker-14: Building] INFO  o.e.m.c.i.embedder.EclipseLogger - Using 'UTF-8' encoding to copy filtered resources.
2024-08-19 21:23:12,308 [Worker-14: Building] INFO  o.e.m.c.i.embedder.EclipseLogger - Copying 1 resource
2024-08-19 21:23:12,310 [Worker-14: Building] INFO  o.e.m.c.i.embedder.EclipseLogger - Using 'UTF-8' encoding to copy filtered resources.
2024-08-19 21:23:12,310 [Worker-14: Building] INFO  o.e.m.c.i.embedder.EclipseLogger - skip non existing resourceDirectory D:\Training\HSBC\Batch3\Spring\Workspace\11-SpringMvcStarter\src\test\resources
2024-08-19 21:23:28,253 [Worker-14: Building] INFO  o.e.m.c.i.embedder.EclipseLogger - Using 'UTF-8' encoding to copy filtered resources.
2024-08-19 21:23:28,254 [Worker-14: Building] INFO  o.e.m.c.i.embedder.EclipseLogger - Copying 0 resource
2024-08-19 21:23:28,257 [Worker-14: Building] INFO  o.e.m.c.i.embedder.EclipseLogger - Using 'UTF-8' encoding to copy filtered resources.
2024-08-19 21:23:28,258 [Worker-14: Building] INFO  o.e.m.c.i.embedder.EclipseLogger - skip non existing resourceDirectory D:\Training\HSBC\Batch3\Spring\Workspace\11-SpringMvcStarter\src\test\resources
